Symlinking /home/gnij/Fast-Perching-master/devel/share/common-lisp/ros/self_msgs_and_srvs/srv/_package.lisp
Symlinking /home/gnij/Fast-Perching-master/devel/share/common-lisp/ros/self_msgs_and_srvs/srv/_package_LearningSampler.lisp
Symlinking /home/gnij/Fast-Perching-master/devel/share/common-lisp/ros/self_msgs_and_srvs/srv/LearningSampler.lisp
Symlinking /home/gnij/Fast-Perching-master/devel/share/common-lisp/ros/self_msgs_and_srvs/srv/GlbObsRcv.lisp
Symlinking /home/gnij/Fast-Perching-master/devel/share/common-lisp/ros/self_msgs_and_srvs/srv/_package_GlbObsRcv.lisp
Symlinking /home/gnij/Fast-Perching-master/devel/share/common-lisp/ros/self_msgs_and_srvs/srv/self_msgs_and_srvs-srv.asd
Symlinking /home/gnij/Fast-Perching-master/devel/share/common-lisp/ros/self_msgs_and_srvs/msg/input_point.lisp
Symlinking /home/gnij/Fast-Perching-master/devel/share/common-lisp/ros/self_msgs_and_srvs/msg/_package_input_point.lisp
Symlinking /home/gnij/Fast-Perching-master/devel/share/common-lisp/ros/self_msgs_and_srvs/msg/_package.lisp
Symlinking /home/gnij/Fast-Perching-master/devel/share/common-lisp/ros/self_msgs_and_srvs/msg/output_point.lisp
Symlinking /home/gnij/Fast-Perching-master/devel/share/common-lisp/ros/self_msgs_and_srvs/msg/_package_output_point.lisp
Symlinking /home/gnij/Fast-Perching-master/devel/share/common-lisp/ros/self_msgs_and_srvs/msg/self_msgs_and_srvs-msg.asd
Symlinking /home/gnij/Fast-Perching-master/devel/share/gennodejs/ros/self_msgs_and_srvs/_index.js
Symlinking /home/gnij/Fast-Perching-master/devel/share/gennodejs/ros/self_msgs_and_srvs/srv/_index.js
Symlinking /home/gnij/Fast-Perching-master/devel/share/gennodejs/ros/self_msgs_and_srvs/srv/GlbObsRcv.js
Symlinking /home/gnij/Fast-Perching-master/devel/share/gennodejs/ros/self_msgs_and_srvs/srv/LearningSampler.js
Symlinking /home/gnij/Fast-Perching-master/devel/share/gennodejs/ros/self_msgs_and_srvs/msg/_index.js
Symlinking /home/gnij/Fast-Perching-master/devel/share/gennodejs/ros/self_msgs_and_srvs/msg/input_point.js
Symlinking /home/gnij/Fast-Perching-master/devel/share/gennodejs/ros/self_msgs_and_srvs/msg/output_point.js
Symlinking /home/gnij/Fast-Perching-master/devel/share/self_msgs_and_srvs/cmake/self_msgs_and_srvsConfig-version.cmake
Symlinking /home/gnij/Fast-Perching-master/devel/share/self_msgs_and_srvs/cmake/self_msgs_and_srvs-msg-extras.cmake
Symlinking /home/gnij/Fast-Perching-master/devel/share/self_msgs_and_srvs/cmake/self_msgs_and_srvs-msg-paths.cmake
Symlinking /home/gnij/Fast-Perching-master/devel/share/self_msgs_and_srvs/cmake/self_msgs_and_srvsConfig.cmake
Symlinking /home/gnij/Fast-Perching-master/devel/share/roseus/ros/self_msgs_and_srvs/manifest.l
Symlinking /home/gnij/Fast-Perching-master/devel/share/roseus/ros/self_msgs_and_srvs/srv/GlbObsRcv.l
Symlinking /home/gnij/Fast-Perching-master/devel/share/roseus/ros/self_msgs_and_srvs/srv/LearningSampler.l
Symlinking /home/gnij/Fast-Perching-master/devel/share/roseus/ros/self_msgs_and_srvs/msg/input_point.l
Symlinking /home/gnij/Fast-Perching-master/devel/share/roseus/ros/self_msgs_and_srvs/msg/output_point.l
Symlinking /home/gnij/Fast-Perching-master/devel/lib/pkgconfig/self_msgs_and_srvs.pc
Symlinking /home/gnij/Fast-Perching-master/devel/lib/python3/dist-packages/self_msgs_and_srvs/__init__.py
Symlinking /home/gnij/Fast-Perching-master/devel/lib/python3/dist-packages/self_msgs_and_srvs/srv/__init__.py
Symlinking /home/gnij/Fast-Perching-master/devel/lib/python3/dist-packages/self_msgs_and_srvs/srv/_GlbObsRcv.py
Symlinking /home/gnij/Fast-Perching-master/devel/lib/python3/dist-packages/self_msgs_and_srvs/srv/_LearningSampler.py
Symlinking /home/gnij/Fast-Perching-master/devel/lib/python3/dist-packages/self_msgs_and_srvs/msg/__init__.py
Symlinking /home/gnij/Fast-Perching-master/devel/lib/python3/dist-packages/self_msgs_and_srvs/msg/_output_point.py
Symlinking /home/gnij/Fast-Perching-master/devel/lib/python3/dist-packages/self_msgs_and_srvs/msg/_input_point.py
Symlinking /home/gnij/Fast-Perching-master/devel/include/self_msgs_and_srvs/input_point.h
Symlinking /home/gnij/Fast-Perching-master/devel/include/self_msgs_and_srvs/LearningSamplerResponse.h
Symlinking /home/gnij/Fast-Perching-master/devel/include/self_msgs_and_srvs/GlbObsRcv.h
Symlinking /home/gnij/Fast-Perching-master/devel/include/self_msgs_and_srvs/LearningSamplerRequest.h
Symlinking /home/gnij/Fast-Perching-master/devel/include/self_msgs_and_srvs/GlbObsRcvResponse.h
Symlinking /home/gnij/Fast-Perching-master/devel/include/self_msgs_and_srvs/output_point.h
Symlinking /home/gnij/Fast-Perching-master/devel/include/self_msgs_and_srvs/GlbObsRcvRequest.h
Symlinking /home/gnij/Fast-Perching-master/devel/include/self_msgs_and_srvs/LearningSampler.h
