[  0%] Built target geometry_msgs_generate_messages_py
[  0%] Built target _self_msgs_and_srvs_generate_messages_check_deps_LearningSampler
[  0%] Built target _self_msgs_and_srvs_generate_messages_check_deps_GlbObsRcv
[  0%] Built target _self_msgs_and_srvs_generate_messages_check_deps_input_point
[  0%] Built target std_msgs_generate_messages_py
[  0%] Built target geometry_msgs_generate_messages_nodejs
[  0%] Built target std_msgs_generate_messages_nodejs
[  0%] Built target _self_msgs_and_srvs_generate_messages_check_deps_output_point
[  0%] Built target std_msgs_generate_messages_eus
[  0%] Built target geometry_msgs_generate_messages_eus
[  0%] Built target geometry_msgs_generate_messages_cpp
[  0%] Built target std_msgs_generate_messages_cpp
[  0%] Built target geometry_msgs_generate_messages_lisp
[  0%] Built target std_msgs_generate_messages_lisp
[ 26%] Built target self_msgs_and_srvs_generate_messages_py
[ 43%] Built target self_msgs_and_srvs_generate_messages_nodejs
[ 47%] [34m[1mGenerating EusLisp manifest code for self_msgs_and_srvs[0m
[ 52%] [34m[1mGenerating C++ code from self_msgs_and_srvs/LearningSampler.srv[0m
[ 69%] Built target self_msgs_and_srvs_generate_messages_lisp
[ 82%] Built target self_msgs_and_srvs_generate_messages_cpp
[100%] Built target self_msgs_and_srvs_generate_messages_eus
[35m[1mScanning dependencies of target self_msgs_and_srvs_generate_messages[0m
[100%] Built target self_msgs_and_srvs_generate_messages
