[  0%] Built target nav_msgs_generate_messages_cpp
[  0%] Built target _quadrotor_msgs_generate_messages_check_deps_LQRTrajectory
[  0%] Built target _quadrotor_msgs_generate_messages_check_deps_Px4ctrlDebug
[  0%] Built target _quadrotor_msgs_generate_messages_check_deps_GoalSet
[  0%] Built target geometry_msgs_generate_messages_cpp
[  0%] Built target _quadrotor_msgs_generate_messages_check_deps_TakeoffLand
[  0%] Built target _quadrotor_msgs_generate_messages_check_deps_StatusData
[  0%] Built target _quadrotor_msgs_generate_messages_check_deps_Odometry
[  0%] Built target _quadrotor_msgs_generate_messages_check_deps_Gains
[  0%] Built target _quadrotor_msgs_generate_messages_check_deps_Corrections
[  0%] Built target _quadrotor_msgs_generate_messages_check_deps_AuxCommand
[  0%] Built target _quadrotor_msgs_generate_messages_check_deps_PositionCommand
[  0%] Built target _quadrotor_msgs_generate_messages_check_deps_OutputData
[  0%] Built target _quadrotor_msgs_generate_messages_check_deps_PPROutputData
[  0%] Built target _quadrotor_msgs_generate_messages_check_deps_Serial
[  0%] Built target _quadrotor_msgs_generate_messages_check_deps_SO3Command
[  0%] Built target nav_msgs_generate_messages_lisp
[  0%] Built target _quadrotor_msgs_generate_messages_check_deps_TRPYCommand
[  0%] Built target geometry_msgs_generate_messages_lisp
[  0%] Built target _quadrotor_msgs_generate_messages_check_deps_PolynomialTrajectory
[  0%] Built target nav_msgs_generate_messages_py
[  0%] Built target geometry_msgs_generate_messages_py
[  0%] Built target nav_msgs_generate_messages_nodejs
[  0%] Built target nav_msgs_generate_messages_eus
[  0%] Built target geometry_msgs_generate_messages_nodejs
[  0%] Built target geometry_msgs_generate_messages_eus
[ 18%] Built target quadrotor_msgs_generate_messages_cpp
[ 37%] Built target quadrotor_msgs_generate_messages_lisp
[ 39%] [34m[1mGenerating Python from MSG quadrotor_msgs/GoalSet[0m
[ 39%] [34m[1mGenerating Python from MSG quadrotor_msgs/TakeoffLand[0m
[ 40%] [34m[1mGenerating Python from MSG quadrotor_msgs/Px4ctrlDebug[0m
[35m[1mScanning dependencies of target decode_msgs[0m
[ 59%] Built target quadrotor_msgs_generate_messages_nodejs
[ 60%] [34m[1mGenerating EusLisp code from quadrotor_msgs/GoalSet.msg[0m
[ 61%] [34m[1mGenerating EusLisp code from quadrotor_msgs/Px4ctrlDebug.msg[0m
[ 62%] [32mBuilding CXX object CMakeFiles/decode_msgs.dir/src/decode_msgs.cpp.o[0m
[35m[1mScanning dependencies of target encode_msgs[0m
[ 63%] [34m[1mGenerating EusLisp code from quadrotor_msgs/TakeoffLand.msg[0m
[ 65%] [34m[1mGenerating EusLisp manifest code for quadrotor_msgs[0m
[ 66%] [32mBuilding CXX object CMakeFiles/encode_msgs.dir/src/encode_msgs.cpp.o[0m
[ 67%] [34m[1mGenerating Python msg __init__.py for quadrotor_msgs[0m
[ 82%] Built target quadrotor_msgs_generate_messages_py
[ 97%] Built target quadrotor_msgs_generate_messages_eus
[35m[1mScanning dependencies of target quadrotor_msgs_generate_messages[0m
[ 97%] Built target quadrotor_msgs_generate_messages
[ 98%] [32m[1mLinking CXX shared library /home/gnij/Fast-Perching-master/devel/.private/quadrotor_msgs/lib/libencode_msgs.so[0m
[ 98%] Built target encode_msgs
[100%] [32m[1mLinking CXX shared library /home/gnij/Fast-Perching-master/devel/.private/quadrotor_msgs/lib/libdecode_msgs.so[0m
[100%] Built target decode_msgs
